<?xml version="1.0" encoding="UTF-8"?>
<!-- Generated by org.testng.reporters.JUnitXMLReporter -->
<testsuite ignored="0" hostname="DESKTOP-08I6NIA" failures="0" tests="4" name="Surefire test" time="0.095" errors="0" timestamp="2022-02-02T15:26:10 IST">
  <testcase classname="test.Sample_Maven_Project.SampleTest" name="demo" time="0.007"/>
  <testcase classname="test.Sample_Maven_Project.SampleTest" name="eating" time="0.0"/>
  <testcase classname="test.Sample_Maven_Project.SampleTest" name="running" time="0.001"/>
  <testcase classname="test.Sample_Maven_Project.SampleTest" name="watching" time="0.002"/>
</testsuite> <!-- Surefire test -->
