<?xml version="1.0" encoding="UTF-8"?>
<testsuite xmlns:xsi="http://www.w3.org/2001/XMLSchema-instance" xsi:noNamespaceSchemaLocation="https://maven.apache.org/surefire/maven-surefire-plugin/xsd/surefire-test-report-3.0.xsd" version="3.0" name="TestSuite" time="0.846" tests="6" errors="0" skipped="0" failures="0">
  <properties>
[...]
</properties>
  <testcase name="shouldAnswerWithTrue" classname="test.Sample_Maven_Project.AppTest" time="0.009">
    <system-out><![CDATA[hi
]]></system-out>
  </testcase>
  <testcase name="demo" classname="test.Sample_Maven_Project.SampleTest" time="0.001">
    <system-out><![CDATA[demo executing
]]></system-out>
  </testcase>
  <testcase name="eating" classname="test.Sample_Maven_Project.SampleTest" time="0">
    <system-out><![CDATA[eating
]]></system-out>
  </testcase>
  <testcase name="running" classname="test.Sample_Maven_Project.SampleTest" time="0.001">
    <system-out><![CDATA[running
]]></system-out>
  </testcase>
  <testcase name="watching" classname="test.Sample_Maven_Project.SampleTest" time="0">
    <system-out><![CDATA[watching
]]></system-out>
  </testcase>
  <testcase name="demo" classname="test.Sample_Maven_Project.DemoTest" time="0.001">
    <system-out><![CDATA[demo running
]]></system-out>
  </testcase>
</testsuite>