<?xml version="1.0" encoding="UTF-8"?>
<testng-results ignored="0" total="6" passed="6" failed="0" skipped="0">
  <reporter-output>
  </reporter-output>
  <suite started-at="2022-02-02T16:08:35 IST" name="Suite" finished-at="2022-02-02T16:08:36 IST" duration-ms="63">
    <groups>
    </groups>
    <test started-at="2022-02-02T16:08:35 IST" name="Test" finished-at="2022-02-02T16:08:36 IST" duration-ms="63">
      <class name="test.Sample_Maven_Project.SampleTest">
        <test-method signature="demo()[pri:0, instance:test.Sample_Maven_Project.SampleTest@10d68fcd]" started-at="2022-02-02T16:08:35 IST" name="demo" finished-at="2022-02-02T16:08:35 IST" duration-ms="1" status="PASS">
          <reporter-output>
          </reporter-output>
        </test-method> <!-- demo -->
        <test-method signature="eating()[pri:0, instance:test.Sample_Maven_Project.SampleTest@10d68fcd]" started-at="2022-02-02T16:08:35 IST" name="eating" finished-at="2022-02-02T16:08:35 IST" duration-ms="0" status="PASS">
          <reporter-output>
          </reporter-output>
        </test-method> <!-- eating -->
        <test-method signature="running()[pri:0, instance:test.Sample_Maven_Project.SampleTest@10d68fcd]" started-at="2022-02-02T16:08:35 IST" name="running" finished-at="2022-02-02T16:08:35 IST" duration-ms="0" status="PASS">
          <reporter-output>
          </reporter-output>
        </test-method> <!-- running -->
        <test-method signature="watching()[pri:0, instance:test.Sample_Maven_Project.SampleTest@10d68fcd]" started-at="2022-02-02T16:08:35 IST" name="watching" finished-at="2022-02-02T16:08:36 IST" duration-ms="1" status="PASS">
          <reporter-output>
          </reporter-output>
        </test-method> <!-- watching -->
      </class> <!-- test.Sample_Maven_Project.SampleTest -->
      <class name="test.Sample_Maven_Project.AppTest">
        <test-method signature="shouldAnswerWithTrue()[pri:0, instance:test.Sample_Maven_Project.AppTest@424e1977]" started-at="2022-02-02T16:08:35 IST" name="shouldAnswerWithTrue" finished-at="2022-02-02T16:08:35 IST" duration-ms="5" status="PASS">
          <reporter-output>
          </reporter-output>
        </test-method> <!-- shouldAnswerWithTrue -->
      </class> <!-- test.Sample_Maven_Project.AppTest -->
      <class name="test.Sample_Maven_Project.DemoTest">
        <test-method signature="demo()[pri:0, instance:test.Sample_Maven_Project.DemoTest@117e949d]" started-at="2022-02-02T16:08:36 IST" name="demo" finished-at="2022-02-02T16:08:36 IST" duration-ms="0" status="PASS">
          <reporter-output>
          </reporter-output>
        </test-method> <!-- demo -->
      </class> <!-- test.Sample_Maven_Project.DemoTest -->
    </test> <!-- Test -->
  </suite> <!-- Suite -->
</testng-results>
