<?xml version="1.0" encoding="UTF-8"?>
<testng-results ignored="0" total="4" passed="4" failed="0" skipped="0">
  <reporter-output>
  </reporter-output>
  <suite started-at="2022-02-02T15:26:10 IST" name="Surefire suite" finished-at="2022-02-02T15:26:10 IST" duration-ms="95">
    <groups>
    </groups>
    <test started-at="2022-02-02T15:26:10 IST" name="Surefire test" finished-at="2022-02-02T15:26:10 IST" duration-ms="95">
      <class name="test.Sample_Maven_Project.SampleTest">
        <test-method signature="demo()[pri:0, instance:test.Sample_Maven_Project.SampleTest@128d2484]" started-at="2022-02-02T15:26:10 IST" name="demo" finished-at="2022-02-02T15:26:10 IST" duration-ms="7" status="PASS">
          <reporter-output>
          </reporter-output>
        </test-method> <!-- demo -->
        <test-method signature="eating()[pri:0, instance:test.Sample_Maven_Project.SampleTest@128d2484]" started-at="2022-02-02T15:26:10 IST" name="eating" finished-at="2022-02-02T15:26:10 IST" duration-ms="0" status="PASS">
          <reporter-output>
          </reporter-output>
        </test-method> <!-- eating -->
        <test-method signature="running()[pri:0, instance:test.Sample_Maven_Project.SampleTest@128d2484]" started-at="2022-02-02T15:26:10 IST" name="running" finished-at="2022-02-02T15:26:10 IST" duration-ms="1" status="PASS">
          <reporter-output>
          </reporter-output>
        </test-method> <!-- running -->
        <test-method signature="watching()[pri:0, instance:test.Sample_Maven_Project.SampleTest@128d2484]" started-at="2022-02-02T15:26:10 IST" name="watching" finished-at="2022-02-02T15:26:10 IST" duration-ms="2" status="PASS">
          <reporter-output>
          </reporter-output>
        </test-method> <!-- watching -->
      </class> <!-- test.Sample_Maven_Project.SampleTest -->
    </test> <!-- Surefire test -->
  </suite> <!-- Surefire suite -->
</testng-results>
