<?xml version="1.0" encoding="UTF-8"?>
<testng-results ignored="0" total="1" passed="1" failed="0" skipped="0">
  <reporter-output>
  </reporter-output>
  <suite started-at="2022-02-02T15:58:02 IST" name="Default suite" finished-at="2022-02-02T15:58:02 IST" duration-ms="69">
    <groups>
    </groups>
    <test started-at="2022-02-02T15:58:02 IST" name="Default test" finished-at="2022-02-02T15:58:02 IST" duration-ms="69">
      <class name="test.Sample_Maven_Project.DemoTest">
        <test-method signature="demo()[pri:0, instance:test.Sample_Maven_Project.DemoTest@2b4bac49]" started-at="2022-02-02T15:58:02 IST" name="demo" finished-at="2022-02-02T15:58:02 IST" duration-ms="13" status="PASS">
          <reporter-output>
          </reporter-output>
        </test-method> <!-- demo -->
      </class> <!-- test.Sample_Maven_Project.DemoTest -->
    </test> <!-- Default test -->
  </suite> <!-- Default suite -->
</testng-results>
