<?xml version="1.0" encoding="UTF-8"?>
<!-- Generated by org.testng.reporters.JUnitXMLReporter -->
<testsuite ignored="0" hostname="DESKTOP-08I6NIA" failures="0" tests="6" name="Test" time="0.063" errors="0" timestamp="2022-02-02T16:08:36 IST">
  <testcase classname="test.Sample_Maven_Project.AppTest" name="shouldAnswerWithTrue" time="0.005"/>
  <testcase classname="test.Sample_Maven_Project.SampleTest" name="demo" time="0.001"/>
  <testcase classname="test.Sample_Maven_Project.SampleTest" name="eating" time="0.0"/>
  <testcase classname="test.Sample_Maven_Project.SampleTest" name="running" time="0.0"/>
  <testcase classname="test.Sample_Maven_Project.SampleTest" name="watching" time="0.001"/>
  <testcase classname="test.Sample_Maven_Project.DemoTest" name="demo" time="0.0"/>
</testsuite> <!-- Test -->
